<?xml version="1.0" encoding="UTF-8"?><testsuite errors="0" failures="0" name="com.bestbuy.testsuite.StoresTest" skipped="0" tests="6" time="1.73" timestamp="2020-05-29T15:20:02.520+01:00[Europe/London]"><testcase classname="com.bestbuy.testsuite.StoresTest" name="Verify 'Not found' error message with invalid endpoint"/><testcase classname="com.bestbuy.testsuite.StoresTest" name="This test will delete the store using storeId"/><testcase classname="com.bestbuy.testsuite.StoresTest" name="This test will get all stores"/><testcase classname="com.bestbuy.testsuite.StoresTest" name="This test will update a name of an existing store"/><testcase classname="com.bestbuy.testsuite.StoresTest" name="This test will create a new product"/><testcase classname="com.bestbuy.testsuite.StoresTest" name="This test will get a specific product by Id"/></testsuite>